# JRE version: OpenJDK Runtime Environment (21.0.7) (build 21.0.7+-13880790-b1038.58)
# Java VM: OpenJDK 64-Bit Server VM (21.0.7+-13880790-b1038.58, mixed mode, tiered, compressed oops, compressed class ptrs, g1 gc, windows-amd64)
GC Precious Log:
 CardTable entry size: 512
 Card Set container configuration: InlinePtr #cards 5 size 8 Array Of Cards #cards 12 size 40 Howl #buckets 4 coarsen threshold 1843 Howl Bitmap #cards 512 size 80 coarsen threshold 460 Card regions per heap region 1 cards per card region 2048
 CPUs: 4 total, 4 available
 Memory: 7926M
 Large Page Support: Disabled
 NUMA Support: Disabled
 Compressed Oops: Enabled (32-bit)
 Heap Region Size: 1M
 Heap Min Capacity: 8M
 Heap Initial Capacity: 124M
 Heap Max Capacity: 2G
 Pre-touch: Disabled
 Parallel Workers: 4
 Concurrent Workers: 1
 Concurrent Refinement Workers: 4
 Periodic GC: Disabled
Heap:
 garbage-first heap   total 384000K, used 343319K [0x0000000080000000, 0x0000000100000000)
  region size 1024K, 125 young (128000K), 12 survivors (12288K)
 Metaspace       used 179390K, committed 182144K, reserved 1245184K
  class space    used 24294K, committed 25664K, reserved 1048576K
GC Heap History (20 events):
Event: 33.115 GC heap before
{Heap before GC invocations=53 (full 0):
 garbage-first heap   total 293888K, used 268546K [0x0000000080000000, 0x0000000100000000)
  region size 1024K, 96 young (98304K), 9 survivors (9216K)
 Metaspace       used 136494K, committed 138816K, reserved 1179648K
  class space    used 18504K, committed 19648K, reserved 1048576K
}
Event: 33.129 GC heap after
{Heap after GC invocations=54 (full 0):
 garbage-first heap   total 293888K, used 182667K [0x0000000080000000, 0x0000000100000000)
  region size 1024K, 11 young (11264K), 11 survivors (11264K)
 Metaspace       used 136494K, committed 138816K, reserved 1179648K
  class space    used 18504K, committed 19648K, reserved 1048576K
}
Event: 34.732 GC heap before
{Heap before GC invocations=54 (full 0):
 garbage-first heap   total 293888K, used 265611K [0x0000000080000000, 0x0000000100000000)
  region size 1024K, 93 young (95232K), 11 survivors (11264K)
 Metaspace       used 138523K, committed 140864K, reserved 1179648K
  class space    used 18739K, committed 19904K, reserved 1048576K
}
Event: 34.752 GC heap after
{Heap after GC invocations=55 (full 0):
 garbage-first heap   total 293888K, used 187982K [0x0000000080000000, 0x0000000100000000)
  region size 1024K, 12 young (12288K), 12 survivors (12288K)
 Metaspace       used 138523K, committed 140864K, reserved 1179648K
  class space    used 18739K, committed 19904K, reserved 1048576K
}
Event: 37.549 GC heap before
{Heap before GC invocations=56 (full 0):
 garbage-first heap   total 314368K, used 263758K [0x0000000080000000, 0x0000000100000000)
  region size 1024K, 87 young (89088K), 12 survivors (12288K)
 Metaspace       used 143877K, committed 146304K, reserved 1179648K
  class space    used 19372K, committed 20544K, reserved 1048576K
}
Event: 37.571 GC heap after
{Heap after GC invocations=57 (full 0):
 garbage-first heap   total 314368K, used 198144K [0x0000000080000000, 0x0000000100000000)
  region size 1024K, 11 young (11264K), 11 survivors (11264K)
 Metaspace       used 143877K, committed 146304K, reserved 1179648K
  class space    used 19372K, committed 20544K, reserved 1048576K
}
Event: 184.827 GC heap before
{Heap before GC invocations=57 (full 0):
 garbage-first heap   total 314368K, used 285184K [0x0000000080000000, 0x0000000100000000)
  region size 1024K, 97 young (99328K), 11 survivors (11264K)
 Metaspace       used 150509K, committed 153024K, reserved 1245184K
  class space    used 19993K, committed 21248K, reserved 1048576K
}
Event: 185.085 GC heap after
{Heap after GC invocations=58 (full 0):
 garbage-first heap   total 314368K, used 199589K [0x0000000080000000, 0x0000000100000000)
  region size 1024K, 4 young (4096K), 4 survivors (4096K)
 Metaspace       used 150509K, committed 153024K, reserved 1245184K
  class space    used 19993K, committed 21248K, reserved 1048576K
}
Event: 192.725 GC heap before
{Heap before GC invocations=58 (full 0):
 garbage-first heap   total 314368K, used 290725K [0x0000000080000000, 0x0000000100000000)
  region size 1024K, 94 young (96256K), 4 survivors (4096K)
 Metaspace       used 153039K, committed 155584K, reserved 1245184K
  class space    used 20301K, committed 21568K, reserved 1048576K
}
Event: 192.755 GC heap after
{Heap after GC invocations=59 (full 0):
 garbage-first heap   total 314368K, used 209920K [0x0000000080000000, 0x0000000100000000)
  region size 1024K, 12 young (12288K), 12 survivors (12288K)
 Metaspace       used 153039K, committed 155584K, reserved 1245184K
  class space    used 20301K, committed 21568K, reserved 1048576K
}
Event: 195.812 GC heap before
{Heap before GC invocations=60 (full 0):
 garbage-first heap   total 350208K, used 282624K [0x0000000080000000, 0x0000000100000000)
  region size 1024K, 84 young (86016K), 12 survivors (12288K)
 Metaspace       used 154028K, committed 156480K, reserved 1245184K
  class space    used 20449K, committed 21696K, reserved 1048576K
}
Event: 195.875 GC heap after
{Heap after GC invocations=61 (full 0):
 garbage-first heap   total 350208K, used 222151K [0x0000000080000000, 0x0000000100000000)
  region size 1024K, 11 young (11264K), 11 survivors (11264K)
 Metaspace       used 154028K, committed 156480K, reserved 1245184K
  class space    used 20449K, committed 21696K, reserved 1048576K
}
Event: 199.612 GC heap before
{Heap before GC invocations=61 (full 0):
 garbage-first heap   total 350208K, used 316359K [0x0000000080000000, 0x0000000100000000)
  region size 1024K, 104 young (106496K), 11 survivors (11264K)
 Metaspace       used 154654K, committed 157184K, reserved 1245184K
  class space    used 20559K, committed 21824K, reserved 1048576K
}
Event: 199.635 GC heap after
{Heap after GC invocations=62 (full 0):
 garbage-first heap   total 350208K, used 227328K [0x0000000080000000, 0x0000000100000000)
  region size 1024K, 8 young (8192K), 8 survivors (8192K)
 Metaspace       used 154654K, committed 157184K, reserved 1245184K
  class space    used 20559K, committed 21824K, reserved 1048576K
}
Event: 202.699 GC heap before
{Heap before GC invocations=62 (full 0):
 garbage-first heap   total 350208K, used 319488K [0x0000000080000000, 0x0000000100000000)
  region size 1024K, 99 young (101376K), 8 survivors (8192K)
 Metaspace       used 156507K, committed 159104K, reserved 1245184K
  class space    used 20849K, committed 22144K, reserved 1048576K
}
Event: 202.713 GC heap after
{Heap after GC invocations=63 (full 0):
 garbage-first heap   total 350208K, used 229888K [0x0000000080000000, 0x0000000100000000)
  region size 1024K, 10 young (10240K), 10 survivors (10240K)
 Metaspace       used 156507K, committed 159104K, reserved 1245184K
  class space    used 20849K, committed 22144K, reserved 1048576K
}
Event: 229.636 GC heap before
{Heap before GC invocations=64 (full 0):
 garbage-first heap   total 384000K, used 317952K [0x0000000080000000, 0x0000000100000000)
  region size 1024K, 97 young (99328K), 10 survivors (10240K)
 Metaspace       used 166323K, committed 168960K, reserved 1245184K
  class space    used 22264K, committed 23552K, reserved 1048576K
}
Event: 229.710 GC heap after
{Heap after GC invocations=65 (full 0):
 garbage-first heap   total 384000K, used 232960K [0x0000000080000000, 0x0000000100000000)
  region size 1024K, 9 young (9216K), 9 survivors (9216K)
 Metaspace       used 166323K, committed 168960K, reserved 1245184K
  class space    used 22264K, committed 23552K, reserved 1048576K
}
Event: 234.736 GC heap before
{Heap before GC invocations=65 (full 0):
 garbage-first heap   total 384000K, used 347648K [0x0000000080000000, 0x0000000100000000)
  region size 1024K, 122 young (124928K), 9 survivors (9216K)
 Metaspace       used 175933K, committed 178624K, reserved 1245184K
  class space    used 23788K, committed 25152K, reserved 1048576K
}
Event: 234.773 GC heap after
{Heap after GC invocations=66 (full 0):
 garbage-first heap   total 384000K, used 229655K [0x0000000080000000, 0x0000000100000000)
  region size 1024K, 12 young (12288K), 12 survivors (12288K)
 Metaspace       used 175933K, committed 178624K, reserved 1245184K
  class space    used 23788K, committed 25152K, reserved 1048576K
}

