# JRE version: OpenJDK Runtime Environment (21.0.7) (build 21.0.7+-13880790-b1038.58)
# Java VM: OpenJDK 64-Bit Server VM (21.0.7+-13880790-b1038.58, mixed mode, tiered, compressed oops, compressed class ptrs, g1 gc, windows-amd64)
GC Precious Log:
 CardTable entry size: 512
 Card Set container configuration: InlinePtr #cards 5 size 8 Array Of Cards #cards 12 size 40 Howl #buckets 4 coarsen threshold 1843 Howl Bitmap #cards 512 size 80 coarsen threshold 460 Card regions per heap region 1 cards per card region 2048
 CPUs: 4 total, 4 available
 Memory: 7926M
 Large Page Support: Disabled
 NUMA Support: Disabled
 Compressed Oops: Enabled (32-bit)
 Heap Region Size: 1M
 Heap Min Capacity: 8M
 Heap Initial Capacity: 124M
 Heap Max Capacity: 2G
 Pre-touch: Disabled
 Parallel Workers: 4
 Concurrent Workers: 1
 Concurrent Refinement Workers: 4
 Periodic GC: Disabled
Heap:
 garbage-first heap   total 132096K, used 88751K [0x0000000080000000, 0x0000000100000000)
  region size 1024K, 10 young (10240K), 5 survivors (5120K)
 Metaspace       used 86964K, committed 88896K, reserved 1179648K
  class space    used 11774K, committed 12736K, reserved 1048576K
GC Heap History (20 events):
Event: 61.563 GC heap before
{Heap before GC invocations=27 (full 0):
 garbage-first heap   total 90112K, used 79871K [0x0000000080000000, 0x0000000100000000)
  region size 1024K, 32 young (32768K), 4 survivors (4096K)
 Metaspace       used 72361K, committed 74048K, reserved 1114112K
  class space    used 9963K, committed 10816K, reserved 1048576K
}
Event: 61.570 GC heap after
{Heap after GC invocations=28 (full 0):
 garbage-first heap   total 90112K, used 52307K [0x0000000080000000, 0x0000000100000000)
  region size 1024K, 4 young (4096K), 4 survivors (4096K)
 Metaspace       used 72361K, committed 74048K, reserved 1114112K
  class space    used 9963K, committed 10816K, reserved 1048576K
}
Event: 61.849 GC heap before
{Heap before GC invocations=28 (full 0):
 garbage-first heap   total 90112K, used 79955K [0x0000000080000000, 0x0000000100000000)
  region size 1024K, 31 young (31744K), 4 survivors (4096K)
 Metaspace       used 72441K, committed 74176K, reserved 1114112K
  class space    used 9963K, committed 10816K, reserved 1048576K
}
Event: 61.855 GC heap after
{Heap after GC invocations=29 (full 0):
 garbage-first heap   total 90112K, used 53089K [0x0000000080000000, 0x0000000100000000)
  region size 1024K, 3 young (3072K), 3 survivors (3072K)
 Metaspace       used 72441K, committed 74176K, reserved 1114112K
  class space    used 9963K, committed 10816K, reserved 1048576K
}
Event: 62.095 GC heap before
{Heap before GC invocations=30 (full 0):
 garbage-first heap   total 90112K, used 80737K [0x0000000080000000, 0x0000000100000000)
  region size 1024K, 31 young (31744K), 3 survivors (3072K)
 Metaspace       used 72453K, committed 74240K, reserved 1114112K
  class space    used 9963K, committed 10816K, reserved 1048576K
}
Event: 62.099 GC heap after
{Heap after GC invocations=31 (full 0):
 garbage-first heap   total 108544K, used 54056K [0x0000000080000000, 0x0000000100000000)
  region size 1024K, 4 young (4096K), 4 survivors (4096K)
 Metaspace       used 72453K, committed 74240K, reserved 1114112K
  class space    used 9963K, committed 10816K, reserved 1048576K
}
Event: 62.467 GC heap before
{Heap before GC invocations=31 (full 0):
 garbage-first heap   total 108544K, used 96040K [0x0000000080000000, 0x0000000100000000)
  region size 1024K, 46 young (47104K), 4 survivors (4096K)
 Metaspace       used 72790K, committed 74496K, reserved 1114112K
  class space    used 10016K, committed 10880K, reserved 1048576K
}
Event: 62.483 GC heap after
{Heap after GC invocations=32 (full 0):
 garbage-first heap   total 108544K, used 55192K [0x0000000080000000, 0x0000000100000000)
  region size 1024K, 6 young (6144K), 6 survivors (6144K)
 Metaspace       used 72790K, committed 74496K, reserved 1114112K
  class space    used 10016K, committed 10880K, reserved 1048576K
}
Event: 62.610 GC heap before
{Heap before GC invocations=32 (full 0):
 garbage-first heap   total 108544K, used 59288K [0x0000000080000000, 0x0000000100000000)
  region size 1024K, 11 young (11264K), 6 survivors (6144K)
 Metaspace       used 72830K, committed 74560K, reserved 1114112K
  class space    used 10017K, committed 10880K, reserved 1048576K
}
Event: 62.618 GC heap after
{Heap after GC invocations=33 (full 0):
 garbage-first heap   total 108544K, used 55986K [0x0000000080000000, 0x0000000100000000)
  region size 1024K, 1 young (1024K), 1 survivors (1024K)
 Metaspace       used 72830K, committed 74560K, reserved 1114112K
  class space    used 10017K, committed 10880K, reserved 1048576K
}
Event: 63.709 GC heap before
{Heap before GC invocations=34 (full 0):
 garbage-first heap   total 108544K, used 107186K [0x0000000080000000, 0x0000000100000000)
  region size 1024K, 38 young (38912K), 1 survivors (1024K)
 Metaspace       used 75096K, committed 76864K, reserved 1179648K
  class space    used 10292K, committed 11136K, reserved 1048576K
}
Event: 63.714 GC heap after
{Heap after GC invocations=35 (full 0):
 garbage-first heap   total 117760K, used 77049K [0x0000000080000000, 0x0000000100000000)
  region size 1024K, 6 young (6144K), 6 survivors (6144K)
 Metaspace       used 75096K, committed 76864K, reserved 1179648K
  class space    used 10292K, committed 11136K, reserved 1048576K
}
Event: 64.158 GC heap before
{Heap before GC invocations=35 (full 0):
 garbage-first heap   total 117760K, used 102649K [0x0000000080000000, 0x0000000100000000)
  region size 1024K, 32 young (32768K), 6 survivors (6144K)
 Metaspace       used 77809K, committed 79616K, reserved 1179648K
  class space    used 10581K, committed 11456K, reserved 1048576K
}
Event: 64.164 GC heap after
{Heap after GC invocations=36 (full 0):
 garbage-first heap   total 117760K, used 77154K [0x0000000080000000, 0x0000000100000000)
  region size 1024K, 1 young (1024K), 1 survivors (1024K)
 Metaspace       used 77809K, committed 79616K, reserved 1179648K
  class space    used 10581K, committed 11456K, reserved 1048576K
}
Event: 64.644 GC heap before
{Heap before GC invocations=36 (full 0):
 garbage-first heap   total 117760K, used 106850K [0x0000000080000000, 0x0000000100000000)
  region size 1024K, 31 young (31744K), 1 survivors (1024K)
 Metaspace       used 81210K, committed 83072K, reserved 1179648K
  class space    used 10931K, committed 11840K, reserved 1048576K
}
Event: 64.648 GC heap after
{Heap after GC invocations=37 (full 0):
 garbage-first heap   total 117760K, used 78044K [0x0000000080000000, 0x0000000100000000)
  region size 1024K, 2 young (2048K), 2 survivors (2048K)
 Metaspace       used 81210K, committed 83072K, reserved 1179648K
  class space    used 10931K, committed 11840K, reserved 1048576K
}
Event: 65.664 GC heap before
{Heap before GC invocations=38 (full 0):
 garbage-first heap   total 132096K, used 111836K [0x0000000080000000, 0x0000000100000000)
  region size 1024K, 31 young (31744K), 2 survivors (2048K)
 Metaspace       used 84457K, committed 86400K, reserved 1179648K
  class space    used 11433K, committed 12416K, reserved 1048576K
}
Event: 65.672 GC heap after
{Heap after GC invocations=39 (full 0):
 garbage-first heap   total 132096K, used 84860K [0x0000000080000000, 0x0000000100000000)
  region size 1024K, 4 young (4096K), 4 survivors (4096K)
 Metaspace       used 84457K, committed 86400K, reserved 1179648K
  class space    used 11433K, committed 12416K, reserved 1048576K
}
Event: 66.070 GC heap before
{Heap before GC invocations=39 (full 0):
 garbage-first heap   total 132096K, used 119676K [0x0000000080000000, 0x0000000100000000)
  region size 1024K, 38 young (38912K), 4 survivors (4096K)
 Metaspace       used 86635K, committed 88512K, reserved 1179648K
  class space    used 11734K, committed 12672K, reserved 1048576K
}
Event: 66.076 GC heap after
{Heap after GC invocations=40 (full 0):
 garbage-first heap   total 132096K, used 84655K [0x0000000080000000, 0x0000000100000000)
  region size 1024K, 5 young (5120K), 5 survivors (5120K)
 Metaspace       used 86635K, committed 88512K, reserved 1179648K
  class space    used 11734K, committed 12672K, reserved 1048576K
}

